                  :-) GROMACS - gmx mdrun, 2020.6-MODIFIED (-:

                            GROMACS is written by:
     Emile Apol      Rossen Apostolov      Paul Bauer     Herman J.C. Berendsen
    Par Bjelkmar      Christian Blau   Viacheslav Bolnykh     Kevin Boyd    
 Aldert van Buuren   Rudi van Drunen     Anton Feenstra       Alan Gray     
  Gerrit Groenhof     Anca Hamuraru    Vincent Hindriksen  M. Eric Irrgang  
  Aleksei Iupinov   Christoph Junghans     Joe Jordan     Dimitrios Karkoulis
    Peter Kasson        Jiri Kraus      Carsten Kutzner      Per Larsson    
  Justin A. Lemkul    Viveca Lindahl    Magnus Lundborg     Erik Marklund   
    Pascal Merz     Pieter Meulenhoff    Teemu Murtola       Szilard Pall   
    Sander Pronk      Roland Schulz      Michael Shirts    Alexey Shvetsov  
   Alfons Sijbers     Peter Tieleman      Jon Vincent      Teemu Virolainen 
 Christian Wennberg    Maarten Wolf      Artem Zhmurov   
                           and the project leaders:
        Mark Abraham, Berk Hess, Erik Lindahl, and David van der Spoel

Copyright (c) 1991-2000, University of Groningen, The Netherlands.
Copyright (c) 2001-2019, The GROMACS development team at
Uppsala University, Stockholm University and
the Royal Institute of Technology, Sweden.
check out http://www.gromacs.org for more information.

GROMACS is free software; you can redistribute it and/or modify it
under the terms of the GNU Lesser General Public License
as published by the Free Software Foundation; either version 2.1
of the License, or (at your option) any later version.

GROMACS:      gmx mdrun, version 2020.6-MODIFIED
Executable:   C:\gmx-2020.6\bin\gmx.exe
Data prefix:  C:\gmx-2020.6
Working dir:  C:\Users\iccas\Desktop\example\15fit
Process ID:   6352
Command line:
  gmx mdrun -pin on -nt 1 -bonded cpu -nb cpu -pme cpu -deffnm scan -rerun traj.trr -nobackup

GROMACS version:    2020.6-MODIFIED
This program has been built from source code that has been altered and does not match the code released as part of the official GROMACS version 2020.6-MODIFIED. If you did not intend to use an altered GROMACS version, make sure to download an intact source distribution and compile that before proceeding.
If you have modified the source code, you are strongly encouraged to set your custom version suffix (using -DGMX_VERSION_STRING_OF_FORK) which will can help later with scientific reproducibility but also when reporting bugs.
Release checksum: 2f568d8884e039acbc6b68722432516e0628be00c847969b7c905c8b53ef826f
Computed checksum: 8d63a67cf4b6b6870aa0765648066d1044255101ccc4e9bf59490d41bf23c877
Precision:          single
Memory model:       64 bit
MPI library:        thread_mpi
OpenMP support:     enabled (GMX_OPENMP_MAX_THREADS = 64)
GPU support:        CUDA
SIMD instructions:  AVX2_256
FFT library:        fftw3
RDTSCP usage:       enabled
TNG support:        enabled
Hwloc support:      disabled
Tracing support:    disabled
C compiler:         C:/Program Files (x86)/Microsoft Visual Studio/2019/Community/VC/Tools/MSVC/14.28.29910/bin/Hostx64/x64/cl.exe MSVC 19.28.29913.0
C compiler flags:   /arch:AVX2 /MD /O2 /Ob2 /DNDEBUG
C++ compiler:       C:/Program Files (x86)/Microsoft Visual Studio/2019/Community/VC/Tools/MSVC/14.28.29910/bin/Hostx64/x64/cl.exe MSVC 19.28.29913.0
C++ compiler flags: /arch:AVX2 /wd4800 /wd4355 /wd4996 /wd4305 /wd4244 /wd4101 /wd4267 /wd4090 /wd4068 /analyze /analyze:stacksize 70000 /wd6001 /wd6011 /wd6053 /wd6054 /wd6385 /wd6386 /wd6387 /wd28199 /wd6239 /wd6240 /wd6294 /wd6326 /wd28020 /wd6330 /wd6993 /wd6031 /wd6244 /wd6246 -openmp /MD /O2 /Ob2 /DNDEBUG
CUDA compiler:      D:/tools/CUDA_toolkit/bin/nvcc.exe nvcc: NVIDIA (R) Cuda compiler driver;Copyright (c) 2005-2021 NVIDIA Corporation;Built on Wed_Jun__2_19:25:35_Pacific_Daylight_Time_2021;Cuda compilation tools, release 11.4, V11.4.48;Build cuda_11.4.r11.4/compiler.30033411_0
CUDA compiler flags:-gencode;arch=compute_35,code=sm_35;-gencode;arch=compute_37,code=sm_37;-gencode;arch=compute_50,code=sm_50;-gencode;arch=compute_52,code=sm_52;-gencode;arch=compute_60,code=sm_60;-gencode;arch=compute_61,code=sm_61;-gencode;arch=compute_70,code=sm_70;-Wno-deprecated-gpu-targets;-gencode;arch=compute_35,code=compute_35;-gencode;arch=compute_50,code=compute_50;-gencode;arch=compute_52,code=compute_52;-gencode;arch=compute_60,code=compute_60;-gencode;arch=compute_61,code=compute_61;-gencode;arch=compute_70,code=compute_70;-gencode;arch=compute_75,code=compute_75;-gencode;arch=compute_80,code=compute_80;-use_fast_math;;/arch:AVX2 /wd4800 /wd4355 /wd4996 /wd4305 /wd4244 /wd4101 /wd4267 /wd4090 /wd4068 /analyze /analyze:stacksize 70000 /wd6001 /wd6011 /wd6053 /wd6054 /wd6385 /wd6386 /wd6387 /wd28199 /wd6239 /wd6240 /wd6294 /wd6326 /wd28020 /wd6330 /wd6993 /wd6031 /wd6244 /wd6246 -openmp /MD /O2 /Ob2 /DNDEBUG
CUDA driver:        11.40
CUDA runtime:       11.40


Running on 1 node with total 8 cores, 16 logical cores, 1 compatible GPU
Hardware detected:
  CPU info:
    Vendor: AMD
    Brand:  AMD Ryzen 7 3700X 8-Core Processor             
    Family: 23   Model: 113   Stepping: 0
    Features: aes amd apic avx avx2 clfsh cmov cx8 cx16 f16c fma htt lahf misalignsse mmx msr nonstop_tsc pclmuldq pdpe1gb popcnt pse rdrnd rdtscp sha sse2 sse3 sse4a sse4.1 sse4.2 ssse3
  Hardware topology: Basic
    Sockets, cores, and logical processors:
      Socket  0: [   0   1] [   2   3] [   4   5] [   6   7] [   8   9] [  10  11] [  12  13] [  14  15]
  GPU info:
    Number of GPUs detected: 1
    #0: NVIDIA NVIDIA GeForce GT 730, compute cap.: 3.5, ECC:  no, stat: compatible


++++ PLEASE READ AND CITE THE FOLLOWING REFERENCE ++++
M. J. Abraham, T. Murtola, R. Schulz, S. Páll, J. C. Smith, B. Hess, E.
Lindahl
GROMACS: High performance molecular simulations through multi-level
parallelism from laptops to supercomputers
SoftwareX 1 (2015) pp. 19-25
-------- -------- --- Thank You --- -------- --------


++++ PLEASE READ AND CITE THE FOLLOWING REFERENCE ++++
S. Páll, M. J. Abraham, C. Kutzner, B. Hess, E. Lindahl
Tackling Exascale Software Challenges in Molecular Dynamics Simulations with
GROMACS
In S. Markidis & E. Laure (Eds.), Solving Software Challenges for Exascale 8759 (2015) pp. 3-27
-------- -------- --- Thank You --- -------- --------


++++ PLEASE READ AND CITE THE FOLLOWING REFERENCE ++++
S. Pronk, S. Páll, R. Schulz, P. Larsson, P. Bjelkmar, R. Apostolov, M. R.
Shirts, J. C. Smith, P. M. Kasson, D. van der Spoel, B. Hess, and E. Lindahl
GROMACS 4.5: a high-throughput and highly parallel open source molecular
simulation toolkit
Bioinformatics 29 (2013) pp. 845-54
-------- -------- --- Thank You --- -------- --------


++++ PLEASE READ AND CITE THE FOLLOWING REFERENCE ++++
B. Hess and C. Kutzner and D. van der Spoel and E. Lindahl
GROMACS 4: Algorithms for highly efficient, load-balanced, and scalable
molecular simulation
J. Chem. Theory Comput. 4 (2008) pp. 435-447
-------- -------- --- Thank You --- -------- --------


++++ PLEASE READ AND CITE THE FOLLOWING REFERENCE ++++
D. van der Spoel, E. Lindahl, B. Hess, G. Groenhof, A. E. Mark and H. J. C.
Berendsen
GROMACS: Fast, Flexible and Free
J. Comp. Chem. 26 (2005) pp. 1701-1719
-------- -------- --- Thank You --- -------- --------


++++ PLEASE READ AND CITE THE FOLLOWING REFERENCE ++++
E. Lindahl and B. Hess and D. van der Spoel
GROMACS 3.0: A package for molecular simulation and trajectory analysis
J. Mol. Mod. 7 (2001) pp. 306-317
-------- -------- --- Thank You --- -------- --------


++++ PLEASE READ AND CITE THE FOLLOWING REFERENCE ++++
H. J. C. Berendsen, D. van der Spoel and R. van Drunen
GROMACS: A message-passing parallel molecular dynamics implementation
Comp. Phys. Comm. 91 (1995) pp. 43-56
-------- -------- --- Thank You --- -------- --------


++++ PLEASE CITE THE DOI FOR THIS VERSION OF GROMACS ++++
https://doi.org/10.5281/zenodo.4576055
-------- -------- --- Thank You --- -------- --------

Input Parameters:
   integrator                     = md
   tinit                          = 0
   dt                             = 0.002
   nsteps                         = 100000
   init-step                      = 0
   simulation-part                = 1
   comm-mode                      = Linear
   nstcomm                        = 100
   bd-fric                        = 0
   ld-seed                        = -1135608933
   emtol                          = 10
   emstep                         = 0.01
   niter                          = 20
   fcstep                         = 0
   nstcgsteep                     = 1000
   nbfgscorr                      = 10
   rtpi                           = 0.05
   nstxout                        = 0
   nstvout                        = 0
   nstfout                        = 0
   nstlog                         = 500
   nstcalcenergy                  = 100
   nstenergy                      = 500
   nstxout-compressed             = 1000
   compressed-x-precision         = 1000
   cutoff-scheme                  = Verlet
   nstlist                        = 10
   pbc                            = xyz
   periodic-molecules             = false
   verlet-buffer-tolerance        = -1
   rlist                          = 1.1
   coulombtype                    = PME
   coulomb-modifier               = Potential-shift
   rcoulomb-switch                = 0
   rcoulomb                       = 1
   epsilon-r                      = 1
   epsilon-rf                     = inf
   vdw-type                       = Cut-off
   vdw-modifier                   = Potential-shift
   rvdw-switch                    = 0
   rvdw                           = 1
   DispCorr                       = No
   table-extension                = 1
   fourierspacing                 = 0.12
   fourier-nx                     = 128
   fourier-ny                     = 128
   fourier-nz                     = 128
   pme-order                      = 4
   ewald-rtol                     = 1e-05
   ewald-rtol-lj                  = 0.001
   lj-pme-comb-rule               = Geometric
   ewald-geometry                 = 0
   epsilon-surface                = 0
   tcoupl                         = No
   nsttcouple                     = -1
   nh-chain-length                = 0
   print-nose-hoover-chain-variables = false
   pcoupl                         = No
   pcoupltype                     = Isotropic
   nstpcouple                     = -1
   tau-p                          = 1
   compressibility (3x3):
      compressibility[    0]={ 0.00000e+00,  0.00000e+00,  0.00000e+00}
      compressibility[    1]={ 0.00000e+00,  0.00000e+00,  0.00000e+00}
      compressibility[    2]={ 0.00000e+00,  0.00000e+00,  0.00000e+00}
   ref-p (3x3):
      ref-p[    0]={ 0.00000e+00,  0.00000e+00,  0.00000e+00}
      ref-p[    1]={ 0.00000e+00,  0.00000e+00,  0.00000e+00}
      ref-p[    2]={ 0.00000e+00,  0.00000e+00,  0.00000e+00}
   refcoord-scaling               = No
   posres-com (3):
      posres-com[0]= 0.00000e+00
      posres-com[1]= 0.00000e+00
      posres-com[2]= 0.00000e+00
   posres-comB (3):
      posres-comB[0]= 0.00000e+00
      posres-comB[1]= 0.00000e+00
      posres-comB[2]= 0.00000e+00
   QMMM                           = false
   QMconstraints                  = 0
   QMMMscheme                     = 0
   MMChargeScaleFactor            = 1
qm-opts:
   ngQM                           = 0
   constraint-algorithm           = Lincs
   continuation                   = false
   Shake-SOR                      = false
   shake-tol                      = 0.0001
   lincs-order                    = 4
   lincs-iter                     = 1
   lincs-warnangle                = 30
   nwall                          = 0
   wall-type                      = 9-3
   wall-r-linpot                  = -1
   wall-atomtype[0]               = -1
   wall-atomtype[1]               = -1
   wall-density[0]                = 0
   wall-density[1]                = 0
   wall-ewald-zfac                = 3
   pull                           = false
   awh                            = false
   rotation                       = false
   interactiveMD                  = false
   disre                          = No
   disre-weighting                = Conservative
   disre-mixed                    = false
   dr-fc                          = 1000
   dr-tau                         = 0
   nstdisreout                    = 100
   orire-fc                       = 0
   orire-tau                      = 0
   nstorireout                    = 100
   free-energy                    = no
   cos-acceleration               = 0
   deform (3x3):
      deform[    0]={ 0.00000e+00,  0.00000e+00,  0.00000e+00}
      deform[    1]={ 0.00000e+00,  0.00000e+00,  0.00000e+00}
      deform[    2]={ 0.00000e+00,  0.00000e+00,  0.00000e+00}
   simulated-tempering            = false
   swapcoords                     = no
   userint1                       = 0
   userint2                       = 0
   userint3                       = 0
   userint4                       = 0
   userreal1                      = 0
   userreal2                      = 0
   userreal3                      = 0
   userreal4                      = 0
   applied-forces:
     electric-field:
       x:
         E0                       = 0
         omega                    = 0
         t0                       = 0
         sigma                    = 0
       y:
         E0                       = 0
         omega                    = 0
         t0                       = 0
         sigma                    = 0
       z:
         E0                       = 0
         omega                    = 0
         t0                       = 0
         sigma                    = 0
     density-guided-simulation:
       active                     = false
       group                      = protein
       similarity-measure         = inner-product
       atom-spreading-weight      = unity
       force-constant             = 1e+09
       gaussian-transform-spreading-width = 0.2
       gaussian-transform-spreading-range-in-multiples-of-width = 4
       reference-density-filename = reference.mrc
       nst                        = 1
       normalize-densities        = true
       adaptive-force-scaling     = false
       adaptive-force-scaling-time-constant = 4
grpopts:
   nrdf:          41
   ref-t:           0
   tau-t:           0
annealing:          No
annealing-npoints:           0
   acc:	           0           0           0
   nfreeze:           N           N           N
   energygrp-flags[  0]: 0

Rerun trajectory contains velocities. Rerun does only evaluate potential energy and forces. The velocities will be ignored.
Can not increase nstlist because an NVE ensemble is used

Using 1 MPI thread
Using 1 OpenMP thread 


Overriding thread affinity set outside gmx mdrun

Pinning threads with an auto-selected logical core stride of 2
System total charge: -0.000
Will do PME sum in reciprocal space for electrostatic interactions.

++++ PLEASE READ AND CITE THE FOLLOWING REFERENCE ++++
U. Essmann, L. Perera, M. L. Berkowitz, T. Darden, H. Lee and L. G. Pedersen 
A smooth particle mesh Ewald method
J. Chem. Phys. 103 (1995) pp. 8577-8592
-------- -------- --- Thank You --- -------- --------

Using a Gaussian width (1/beta) of 0.320163 nm for Ewald
Potential shift: LJ r^-12: -1.000e+00 r^-6: -1.000e+00, Ewald -1.000e-05
Initialized non-bonded Ewald tables, spacing: 9.33e-04 size: 1073

Generated table with 1050 data points for 1-4 COUL.
Tabscale = 500 points/nm
Generated table with 1050 data points for 1-4 LJ6.
Tabscale = 500 points/nm
Generated table with 1050 data points for 1-4 LJ12.
Tabscale = 500 points/nm

Using SIMD 4x8 nonbonded short-range kernels

Using a 4x8 pair-list setup:
  updated every 10 steps, buffer 0.100 nm, rlist 1.100 nm

Using Lorentz-Berthelot Lennard-Jones combination rule

Removing pbc first time

Initializing LINear Constraint Solver

++++ PLEASE READ AND CITE THE FOLLOWING REFERENCE ++++
B. Hess and H. Bekker and H. J. C. Berendsen and J. G. E. M. Fraaije
LINCS: A Linear Constraint Solver for molecular simulations
J. Comp. Chem. 18 (1997) pp. 1463-1472
-------- -------- --- Thank You --- -------- --------

The number of constraints is 7

Note that it is planned that the command gmx mdrun -rerun will be available in a different form in a future version of GROMACS, e.g. gmx rerun -f.
There are: 17 Atoms

Started mdrun on rank 0 Tue Apr 26 18:18:17 2022


Simulations has constraints. Rerun does not recalculate constraints.

Rerun does not report kinetic energy, total energy, temperature, virial and pressure.
           Step           Time
              0        0.00000


   Energies (kJ/mol)
           Bond          Angle    Proper Dih.  Improper Dih.          LJ-14
    1.86630e+00    5.88229e+01    9.95080e-01    1.41324e-01   -6.74302e-01
     Coulomb-14        LJ (SR)   Coulomb (SR)   Coul. recip.      Potential
   -2.08455e+01   -3.07475e+00    2.77069e+01    7.43895e+00    7.23769e+01

           Step           Time
              1        0.10000


   Energies (kJ/mol)
           Bond          Angle    Proper Dih.  Improper Dih.          LJ-14
    1.91227e+00    5.90751e+01    1.09449e+00    1.48272e-01   -1.15831e+00
     Coulomb-14        LJ (SR)   Coulomb (SR)   Coul. recip.      Potential
   -2.09125e+01   -3.09324e+00    2.76273e+01    7.43051e+00    7.21239e+01

           Step           Time
              2        0.20000


   Energies (kJ/mol)
           Bond          Angle    Proper Dih.  Improper Dih.          LJ-14
    2.05868e+00    5.91148e+01    1.15860e+00    1.54628e-01   -1.64470e+00
     Coulomb-14        LJ (SR)   Coulomb (SR)   Coul. recip.      Potential
   -2.09705e+01   -3.08931e+00    2.75708e+01    7.43399e+00    7.17870e+01

           Step           Time
              3        0.30000


   Energies (kJ/mol)
           Bond          Angle    Proper Dih.  Improper Dih.          LJ-14
    2.31478e+00    5.90058e+01    1.21811e+00    1.66609e-01   -2.06858e+00
     Coulomb-14        LJ (SR)   Coulomb (SR)   Coul. recip.      Potential
   -2.10303e+01   -3.07228e+00    2.75462e+01    7.45068e+00    7.15310e+01

           Step           Time
              4        0.40000


   Energies (kJ/mol)
           Bond          Angle    Proper Dih.  Improper Dih.          LJ-14
    2.66400e+00    5.92085e+01    1.07968e+00    1.53683e-01   -2.40294e+00
     Coulomb-14        LJ (SR)   Coulomb (SR)   Coul. recip.      Potential
   -2.11138e+01   -3.04872e+00    2.75749e+01    7.48302e+00    7.15984e+01

           Step           Time
              5        0.50000


   Energies (kJ/mol)
           Bond          Angle    Proper Dih.  Improper Dih.          LJ-14
    3.06616e+00    6.02156e+01    5.74411e-01    8.47668e-02   -2.64432e+00
     Coulomb-14        LJ (SR)   Coulomb (SR)   Coul. recip.      Potential
   -2.12319e+01   -3.02261e+00    2.76816e+01    7.54247e+00    7.22662e+01

           Step           Time
              6        0.60000


   Energies (kJ/mol)
           Bond          Angle    Proper Dih.  Improper Dih.          LJ-14
    3.34189e+00    6.18370e+01    3.76086e-02    5.49060e-03   -2.76763e+00
     Coulomb-14        LJ (SR)   Coulomb (SR)   Coul. recip.      Potential
   -2.13895e+01   -3.00980e+00    2.78744e+01    7.64786e+00    7.35773e+01

           Step           Time
              7        0.70000


   Energies (kJ/mol)
           Bond          Angle    Proper Dih.  Improper Dih.          LJ-14
    3.31194e+00    6.27121e+01    3.06357e-01    4.46345e-02   -2.72752e+00
     Coulomb-14        LJ (SR)   Coulomb (SR)   Coul. recip.      Potential
   -2.15149e+01   -3.03631e+00    2.81152e+01    7.81970e+00    7.50312e+01

           Step           Time
              8        0.80000


   Energies (kJ/mol)
           Bond          Angle    Proper Dih.  Improper Dih.          LJ-14
    3.02253e+00    6.24654e+01    9.84333e-01    1.42117e-01   -2.53885e+00
     Coulomb-14        LJ (SR)   Coulomb (SR)   Coul. recip.      Potential
   -2.15756e+01   -3.08414e+00    2.83749e+01    8.02411e+00    7.58148e+01

           Step           Time
              9        0.90000


   Energies (kJ/mol)
           Bond          Angle    Proper Dih.  Improper Dih.          LJ-14
    2.67548e+00    6.22521e+01    1.30226e+00    1.83700e-01   -2.26606e+00
     Coulomb-14        LJ (SR)   Coulomb (SR)   Coul. recip.      Potential
   -2.15957e+01   -3.11567e+00    2.86651e+01    8.22854e+00    7.63297e+01

           Step           Time
             10        1.00000


   Energies (kJ/mol)
           Bond          Angle    Proper Dih.  Improper Dih.          LJ-14
    2.36781e+00    6.21943e+01    1.32111e+00    1.81234e-01   -1.94482e+00
     Coulomb-14        LJ (SR)   Coulomb (SR)   Coul. recip.      Potential
   -2.15916e+01   -3.11229e+00    2.90013e+01    8.42783e+00    7.68449e+01

           Step           Time
             11        1.10000


   Energies (kJ/mol)
           Bond          Angle    Proper Dih.  Improper Dih.          LJ-14
    2.13467e+00    6.21880e+01    1.27353e+00    1.72154e-01   -1.60250e+00
     Coulomb-14        LJ (SR)   Coulomb (SR)   Coul. recip.      Potential
   -2.15707e+01   -3.06336e+00    2.93826e+01    8.61890e+00    7.75333e+01

           Step           Time
             12        1.20000


   Energies (kJ/mol)
           Bond          Angle    Proper Dih.  Improper Dih.          LJ-14
    1.97945e+00    6.22475e+01    1.28030e+00    1.76284e-01   -1.26243e+00
     Coulomb-14        LJ (SR)   Coulomb (SR)   Coul. recip.      Potential
   -2.15451e+01   -2.96615e+00    2.98100e+01    8.80343e+00    7.85233e+01

           Step           Time
             13        1.30000


   Energies (kJ/mol)
           Bond          Angle    Proper Dih.  Improper Dih.          LJ-14
    1.91258e+00    6.22952e+01    1.22758e+00    1.76753e-01   -9.50833e-01
     Coulomb-14        LJ (SR)   Coulomb (SR)   Coul. recip.      Potential
   -2.15097e+01   -2.82896e+00    3.02691e+01    8.98289e+00    7.95746e+01

           Step           Time
             14        1.40000


   Energies (kJ/mol)
           Bond          Angle    Proper Dih.  Improper Dih.          LJ-14
    1.94110e+00    6.22923e+01    8.07101e-01    1.21448e-01   -7.05608e-01
     Coulomb-14        LJ (SR)   Coulomb (SR)   Coul. recip.      Potential
   -2.14661e+01   -2.68119e+00    3.07220e+01    9.14970e+00    8.01807e+01

           Step           Time
             15        1.50000


   Energies (kJ/mol)
           Bond          Angle    Proper Dih.  Improper Dih.          LJ-14
    1.99109e+00    6.24821e+01    9.31209e-02    1.44511e-02   -5.76525e-01
     Coulomb-14        LJ (SR)   Coulomb (SR)   Coul. recip.      Potential
   -2.14289e+01   -2.58314e+00    3.10329e+01    9.26002e+00    8.02851e+01

           Step           Time
             16        1.60000


   Energies (kJ/mol)
           Bond          Angle    Proper Dih.  Improper Dih.          LJ-14
    1.99053e+00    6.24460e+01    2.90622e-01    4.48446e-02   -6.02821e-01
     Coulomb-14        LJ (SR)   Coulomb (SR)   Coul. recip.      Potential
   -2.14396e+01   -2.60297e+00    3.09651e+01    9.23617e+00    8.03279e+01

           Step           Time
             17        1.70000


   Energies (kJ/mol)
           Bond          Angle    Proper Dih.  Improper Dih.          LJ-14
    1.92425e+00    6.22758e+01    9.87106e-01    1.46792e-01   -7.72170e-01
     Coulomb-14        LJ (SR)   Coulomb (SR)   Coul. recip.      Potential
   -2.14798e+01   -2.72597e+00    3.05864e+01    9.09988e+00    8.00423e+01

           Step           Time
             18        1.80000


   Energies (kJ/mol)
           Bond          Angle    Proper Dih.  Improper Dih.          LJ-14
    1.92670e+00    6.22749e+01    1.23848e+00    1.75515e-01   -1.04355e+00
     Coulomb-14        LJ (SR)   Coulomb (SR)   Coul. recip.      Potential
   -2.15217e+01   -2.87489e+00    3.01257e+01    8.93006e+00    7.92313e+01

           Step           Time
             19        1.90000


   Energies (kJ/mol)
           Bond          Angle    Proper Dih.  Improper Dih.          LJ-14
    2.01638e+00    6.22820e+01    1.26398e+00    1.72289e-01   -1.36843e+00
     Coulomb-14        LJ (SR)   Coulomb (SR)   Coul. recip.      Potential
   -2.15552e+01   -3.00174e+00    2.96729e+01    8.74970e+00    7.82320e+01

           Step           Time
             20        2.00000


   Energies (kJ/mol)
           Bond          Angle    Proper Dih.  Improper Dih.          LJ-14
    2.18945e+00    6.22526e+01    1.29430e+00    1.75471e-01   -1.71175e+00
     Coulomb-14        LJ (SR)   Coulomb (SR)   Coul. recip.      Potential
   -2.15792e+01   -3.08412e+00    2.92588e+01    8.56399e+00    7.73595e+01

           Step           Time
             21        2.10000


   Energies (kJ/mol)
           Bond          Angle    Proper Dih.  Improper Dih.          LJ-14
    2.44989e+00    6.22479e+01    1.34715e+00    1.85861e-01   -2.04720e+00
     Coulomb-14        LJ (SR)   Coulomb (SR)   Coul. recip.      Potential
   -2.15966e+01   -3.11809e+00    2.88914e+01    8.37190e+00    7.67322e+01

           Step           Time
             22        2.20000


   Energies (kJ/mol)
           Bond          Angle    Proper Dih.  Improper Dih.          LJ-14
    2.78367e+00    6.23494e+01    1.26348e+00    1.79323e-01   -2.35774e+00
     Coulomb-14        LJ (SR)   Coulomb (SR)   Coul. recip.      Potential
   -2.15933e+01   -3.10893e+00    2.85712e+01    8.17196e+00    7.62590e+01

           Step           Time
             23        2.30000


   Energies (kJ/mol)
           Bond          Angle    Proper Dih.  Improper Dih.          LJ-14
    3.12315e+00    6.25573e+01    7.93951e-01    1.14971e-01   -2.60975e+00
     Coulomb-14        LJ (SR)   Coulomb (SR)   Coul. recip.      Potential
   -2.15652e+01   -3.06919e+00    2.82908e+01    7.96543e+00    7.56015e+01

           Step           Time
             24        2.40000


   Energies (kJ/mol)
           Bond          Angle    Proper Dih.  Improper Dih.          LJ-14
    3.34964e+00    6.25304e+01    1.29846e-01    1.83967e-02   -2.75793e+00
     Coulomb-14        LJ (SR)   Coulomb (SR)   Coul. recip.      Potential
   -2.14806e+01   -3.02362e+00    2.80375e+01    7.76633e+00    7.45700e+01

           Step           Time
             25        2.50000


   Energies (kJ/mol)
           Bond          Angle    Proper Dih.  Improper Dih.          LJ-14
    3.29407e+00    6.14239e+01    1.48865e-01    2.25034e-02   -2.74622e+00
     Coulomb-14        LJ (SR)   Coulomb (SR)   Coul. recip.      Potential
   -2.13457e+01   -3.00993e+00    2.78100e+01    7.60796e+00    7.32054e+01

           Step           Time
             26        2.60000


   Energies (kJ/mol)
           Bond          Angle    Proper Dih.  Improper Dih.          LJ-14
    2.93527e+00    5.97922e+01    7.79941e-01    1.14132e-01   -2.57827e+00
     Coulomb-14        LJ (SR)   Coulomb (SR)   Coul. recip.      Potential
   -2.11876e+01   -3.03090e+00    2.76377e+01    7.51809e+00    7.19806e+01

           Step           Time
             27        2.70000


   Energies (kJ/mol)
           Bond          Angle    Proper Dih.  Improper Dih.          LJ-14
    2.55391e+00    5.90786e+01    1.16587e+00    1.63998e-01   -2.30854e+00
     Coulomb-14        LJ (SR)   Coulomb (SR)   Coul. recip.      Potential
   -2.10830e+01   -3.05634e+00    2.75588e+01    7.46369e+00    7.15370e+01

           Step           Time
             28        2.80000


   Energies (kJ/mol)
           Bond          Angle    Proper Dih.  Improper Dih.          LJ-14
    2.21935e+00    5.89715e+01    1.21230e+00    1.63303e-01   -1.94584e+00
     Coulomb-14        LJ (SR)   Coulomb (SR)   Coul. recip.      Potential
   -2.10087e+01   -3.07809e+00    2.75486e+01    7.43513e+00    7.15175e+01

           Step           Time
             29        2.90000


   Energies (kJ/mol)
           Bond          Angle    Proper Dih.  Improper Dih.          LJ-14
    1.99791e+00    5.91551e+01    1.13066e+00    1.50174e-01   -1.49581e+00
     Coulomb-14        LJ (SR)   Coulomb (SR)   Coul. recip.      Potential
   -2.09528e+01   -3.09254e+00    2.75859e+01    7.42245e+00    7.19010e+01

           Step           Time
             30        3.00000


   Energies (kJ/mol)
           Bond          Angle    Proper Dih.  Improper Dih.          LJ-14
    1.88881e+00    5.90131e+01    1.06953e+00    1.47003e-01   -1.00332e+00
     Coulomb-14        LJ (SR)   Coulomb (SR)   Coul. recip.      Potential
   -2.08909e+01   -3.09018e+00    2.76501e+01    7.42409e+00    7.22082e+01

           Step           Time
             31        3.10000


   Energies (kJ/mol)
           Bond          Angle    Proper Dih.  Improper Dih.          LJ-14
    1.87748e+00    5.85640e+01    1.01383e+00    1.49434e-01   -5.51778e-01
     Coulomb-14        LJ (SR)   Coulomb (SR)   Coul. recip.      Potential
   -2.08157e+01   -3.05897e+00    2.77334e+01    7.43838e+00    7.23501e+01

           Step           Time
             32        3.20000


   Energies (kJ/mol)
           Bond          Angle    Proper Dih.  Improper Dih.          LJ-14
    1.95308e+00    5.80510e+01    6.72721e-01    1.04808e-01   -2.31167e-01
     Coulomb-14        LJ (SR)   Coulomb (SR)   Coul. recip.      Potential
   -2.07239e+01   -2.99377e+00    2.78237e+01    7.46247e+00    7.21189e+01

           Step           Time
             33        3.30000


   Energies (kJ/mol)
           Bond          Angle    Proper Dih.  Improper Dih.          LJ-14
    2.03033e+00    5.76991e+01    7.77060e-02    1.26197e-02   -9.48997e-02
     Coulomb-14        LJ (SR)   Coulomb (SR)   Coul. recip.      Potential
   -2.06500e+01   -2.92254e+00    2.78857e+01    7.48286e+00    7.15209e+01

           Step           Time
             34        3.40000


   Energies (kJ/mol)
           Bond          Angle    Proper Dih.  Improper Dih.          LJ-14
    2.02039e+00    5.77470e+01    2.32570e-01    3.74052e-02   -1.21753e-01
     Coulomb-14        LJ (SR)   Coulomb (SR)   Coul. recip.      Potential
   -2.06659e+01   -2.93861e+00    2.78737e+01    7.47932e+00    7.16642e+01

           Step           Time
             35        3.50000


   Energies (kJ/mol)
           Bond          Angle    Proper Dih.  Improper Dih.          LJ-14
    1.91061e+00    5.81474e+01    8.25443e-01    1.26805e-01   -3.15655e-01
     Coulomb-14        LJ (SR)   Coulomb (SR)   Coul. recip.      Potential
   -2.07527e+01   -3.01596e+00    2.77954e+01    7.45666e+00    7.21780e+01

           Step           Time
             36        3.60000


   Energies (kJ/mol)
           Bond          Angle    Proper Dih.  Improper Dih.          LJ-14
    1.86717e+00    5.86989e+01    1.02920e+00    1.47877e-01   -6.83425e-01
     Coulomb-14        LJ (SR)   Coulomb (SR)   Coul. recip.      Potential
   -2.08398e+01   -3.07192e+00    2.77053e+01    7.43693e+00    7.22902e+01


	M E G A - F L O P S   A C C O U N T I N G

 NB=Group-cutoff nonbonded kernels    NxN=N-by-N cluster Verlet kernels
 RF=Reaction-Field  VdW=Van der Waals  QSTab=quadratic-spline table
 W3=SPC/TIP3p  W4=TIP4p (single or pairs)
 V&F=Potential and force  V=Potential only  F=Force only

 Computing:                               M-Number         M-Flops  % Flops
-----------------------------------------------------------------------------
 Pair Search distance check               0.011322           0.102     0.0
 NxN Ewald Elec. + LJ [V&F]               0.012432           1.330     0.0
 NxN Ewald Elec. [V&F]                    0.000592           0.050     0.0
 1,4 nonbonded interactions               0.001110           0.100     0.0
 Calc Weights                             0.001887           0.068     0.0
 Spread Q Bspline                         0.040256           0.081     0.0
 Gather F Bspline                         0.040256           0.242     0.0
 3D-FFT                                3258.974060       26071.792    99.8
 Solve PME                                0.606208          38.797     0.1
 Shift-X                                  0.000629           0.004     0.0
 Bonds                                    0.000407           0.024     0.0
 Angles                                   0.001036           0.174     0.0
 Propers                                  0.001332           0.305     0.0
 Impropers                                0.000333           0.069     0.0
 Virial                                   0.002294           0.041     0.0
-----------------------------------------------------------------------------
 Total                                                   26113.179   100.0
-----------------------------------------------------------------------------


     R E A L   C Y C L E   A N D   T I M E   A C C O U N T I N G

On 1 MPI rank

 Computing:          Num   Num      Call    Wall time         Giga-Cycles
                     Ranks Threads  Count      (s)         total sum    %
-----------------------------------------------------------------------------
 Neighbor search        1    1         37       0.001          0.002   0.0
 Force                  1    1         37       0.001          0.003   0.1
 PME mesh               1    1         37       1.990          4.400  99.5
 NB X/F buffer ops.     1    1         37       0.000          0.000   0.0
 Rest                                           0.007          0.016   0.4
-----------------------------------------------------------------------------
 Total                                          2.000          4.421 100.0
-----------------------------------------------------------------------------
 Breakdown of PME mesh computation
-----------------------------------------------------------------------------
 PME spread             1    1         37       0.073          0.160   3.6
 PME gather             1    1         37       0.084          0.186   4.2
 PME 3D-FFT             1    1         74       1.351          2.987  67.6
 PME solve Elec         1    1         37       0.483          1.067  24.1
-----------------------------------------------------------------------------

               Core t (s)   Wall t (s)        (%)
       Time:        2.000        2.000      100.0
                 (ns/day)    (hour/ns)
Performance:        3.197        7.508
Finished mdrun on rank 0 Tue Apr 26 18:18:19 2022

